proguard/seeds.txt
com.lj.jz.AddActivity
com.lj.jz.AddActivity: AddActivity()
com.lj.jz.CsEditActivity
com.lj.jz.CsEditActivity: CsEditActivity()
com.lj.jz.CsListActivity
com.lj.jz.CsListActivity: CsListActivity()
com.lj.jz.HelpActivity
com.lj.jz.HelpActivity: HelpActivity()
com.lj.jz.MainActivity
com.lj.jz.MainActivity: MainActivity()
com.lj.jz.MakeBackupService
com.lj.jz.MakeBackupService: MakeBackupService()
com.lj.jz.R$dimen: int activity_horizontal_margin
com.lj.jz.R$dimen: int activity_vertical_margin
com.lj.jz.R$drawable: int appico
com.lj.jz.R$drawable: int back_bt_press_bg
com.lj.jz.R$drawable: int back_bt_selector_bg
com.lj.jz.R$drawable: int back_bt_unpress_bg
com.lj.jz.R$drawable: int bg_bitmap
com.lj.jz.R$drawable: int bg_small
com.lj.jz.R$drawable: int bz_et_bg
com.lj.jz.R$drawable: int corners_white_bg
com.lj.jz.R$drawable: int del_bt_bg
com.lj.jz.R$drawable: int ic_launcher
com.lj.jz.R$drawable: int je_et_bg
com.lj.jz.R$drawable: int menu_exit_icon
com.lj.jz.R$drawable: int menu_help_icon
com.lj.jz.R$drawable: int mx_bt_bg
com.lj.jz.R$drawable: int mx_bt_selector_bg
com.lj.jz.R$drawable: int nav_bt_bg
com.lj.jz.R$drawable: int nav_bt_press_bg
com.lj.jz.R$drawable: int nav_bt_selector_bg
com.lj.jz.R$drawable: int nav_bt_unpress_bg
com.lj.jz.R$drawable: int not_found
com.lj.jz.R$drawable: int rq_bt_bg
com.lj.jz.R$drawable: int sp_green_bg
com.lj.jz.R$drawable: int sp_green_y_bg
com.lj.jz.R$drawable: int stroke_white_bg
com.lj.jz.R$drawable: int stroke_white_green_bg
com.lj.jz.R$drawable: int tj_bt_bg
com.lj.jz.R$drawable: int tj_bt_press_bg
com.lj.jz.R$drawable: int tj_bt_selector_bg
com.lj.jz.R$drawable: int welcom_img
com.lj.jz.R$drawable: int yqr_bt_bg
com.lj.jz.R$id: int Nav_csBt
com.lj.jz.R$id: int Nav_scBt
com.lj.jz.R$id: int Nav_szBt
com.lj.jz.R$id: int Nav_zdBt
com.lj.jz.R$id: int action_exit
com.lj.jz.R$id: int action_help
com.lj.jz.R$id: int addAy_bzEt
com.lj.jz.R$id: int addAy_fkrSp
com.lj.jz.R$id: int addAy_jeEt
com.lj.jz.R$id: int addAy_jemxBt
com.lj.jz.R$id: int addAy_qdBt
com.lj.jz.R$id: int addAy_qxBt
com.lj.jz.R$id: int addAy_rqBt
com.lj.jz.R$id: int addAy_title
com.lj.jz.R$id: int addAy_yqrBt
com.lj.jz.R$id: int addAy_ytSp
com.lj.jz.R$id: int ceAy_lbSp
com.lj.jz.R$id: int ceAy_qdBt
com.lj.jz.R$id: int ceAy_qxBt
com.lj.jz.R$id: int ceAy_title
com.lj.jz.R$id: int ceAy_xxEt
com.lj.jz.R$id: int csLi_lb
com.lj.jz.R$id: int csLi_scBt
com.lj.jz.R$id: int csLi_xx
com.lj.jz.R$id: int cslistAy_csListLv
com.lj.jz.R$id: int cslistAy_noNotifyTv
com.lj.jz.R$id: int cslistAy_tjBt
com.lj.jz.R$id: int hAy_docWv
com.lj.jz.R$id: int hAy_title
com.lj.jz.R$id: int jemxDialog_jesLv
com.lj.jz.R$id: int jemxDialog_newjeEt
com.lj.jz.R$id: int jemxLi_jeTv
com.lj.jz.R$id: int jemxLi_scBt
com.lj.jz.R$id: int loadingMoreTv
com.lj.jz.R$id: int navAy_backBt
com.lj.jz.R$id: int progressBar1
com.lj.jz.R$id: int szAy_qdBt
com.lj.jz.R$id: int szAy_qxBt
com.lj.jz.R$id: int szAy_resultEt
com.lj.jz.R$id: int szAy_title
com.lj.jz.R$id: int uploadAy_beginBt
com.lj.jz.R$id: int uploadAy_beginTbServiceBt
com.lj.jz.R$id: int uploadAy_detailEt
com.lj.jz.R$id: int uploadAy_importDataBt
com.lj.jz.R$id: int uploadAy_importDetailEt
com.lj.jz.R$layout: int activity_add
com.lj.jz.R$layout: int activity_csedit
com.lj.jz.R$layout: int activity_cslist
com.lj.jz.R$layout: int activity_help
com.lj.jz.R$layout: int activity_main
com.lj.jz.R$layout: int activity_sz
com.lj.jz.R$layout: int activity_upload
com.lj.jz.R$layout: int activity_user
com.lj.jz.R$layout: int activity_welcom
com.lj.jz.R$layout: int dialog_jemx
com.lj.jz.R$layout: int dialog_wxczqr
com.lj.jz.R$layout: int dynamicload_list_loadmore
com.lj.jz.R$layout: int include_nav
com.lj.jz.R$layout: int lvitem_cs
com.lj.jz.R$layout: int lvitem_jemx
com.lj.jz.R$layout: int lvitem_zhangdan
com.lj.jz.R$layout: int simple_spinner_item
com.lj.jz.R$menu: int main
...
android.support.v4.app.BackStackState
android.support.v4.app.BackStackState: android.os.Parcelable$Creator CREATOR
android.support.v4.app.Fragment$SavedState
android.support.v4.app.Fragment$SavedState: android.os.Parcelable$Creator CREATOR
android.support.v4.app.FragmentManagerState
android.support.v4.app.FragmentManagerState: android.os.Parcelable$Creator CREATOR
android.support.v4.app.FragmentState
android.support.v4.app.FragmentState: android.os.Parcelable$Creator CREATOR
android.support.v4.app.FragmentTabHost: void setOnTabChangedListener(android.widget.TabHost$OnTabChangeListener)
android.support.v4.app.FragmentTabHost$SavedState
android.support.v4.app.FragmentTabHost$SavedState: android.os.Parcelable$Creator CREATOR
android.support.v4.content.ModernAsyncTask$Status: android.support.v4.content.ModernAsyncTask$Status[] values()
android.support.v4.content.ModernAsyncTask$Status: android.support.v4.content.ModernAsyncTask$Status valueOf(java.lang.String)
android.support.v4.view.PagerTabStrip: void setTabIndicatorColor(int)
android.support.v4.view.PagerTabStrip: void setTabIndicatorColorResource(int)
android.support.v4.view.PagerTabStrip: int getTabIndicatorColor()
android.support.v4.view.PagerTabStrip: void setTextSpacing(int)
android.support.v4.view.PagerTabStrip: void setBackgroundDrawable(android.graphics.drawable.Drawable)
android.support.v4.view.PagerTabStrip: void setBackgroundColor(int)
android.support.v4.view.PagerTabStrip: void setBackgroundResource(int)
android.support.v4.view.PagerTabStrip: void setDrawFullUnderline(boolean)
android.support.v4.view.PagerTabStrip: boolean getDrawFullUnderline()
android.support.v4.view.PagerTabStrip: int getMinHeight()
android.support.v4.view.PagerTitleStrip: void setSingleLineAllCaps(android.widget.TextView)
android.support.v4.view.PagerTitleStrip: void setTextSpacing(int)
android.support.v4.view.PagerTitleStrip: int getTextSpacing()
android.support.v4.view.PagerTitleStrip: void setNonPrimaryAlpha(float)
android.support.v4.view.PagerTitleStrip: void setTextColor(int)
android.support.v4.view.PagerTitleStrip: void setGravity(int)
android.support.v4.view.PagerTitleStrip: int getMinHeight()
android.support.v4.view.ViewPager: void setScrollState(int)
android.support.v4.view.ViewPager: void setAdapter(android.support.v4.view.PagerAdapter)
android.support.v4.view.ViewPager: android.support.v4.view.PagerAdapter getAdapter()
android.support.v4.view.ViewPager: void setOnAdapterChangeListener(android.support.v4.view.ViewPager$OnAdapterChangeListener)
android.support.v4.view.ViewPager: int getClientWidth()
android.support.v4.view.ViewPager: void setCurrentItem(int)
android.support.v4.view.ViewPager: int getCurrentItem()
android.support.v4.view.ViewPager: void setOnPageChangeListener(android.support.v4.view.ViewPager$OnPageChangeListener)
android.support.v4.view.ViewPager: void setChildrenDrawingOrderEnabledCompat(boolean)
android.support.v4.view.ViewPager: int getOffscreenPageLimit()
android.support.v4.view.ViewPager: void setOffscreenPageLimit(int)
android.support.v4.view.ViewPager: void setPageMargin(int)
android.support.v4.view.ViewPager: int getPageMargin()
android.support.v4.view.ViewPager: void setPageMarginDrawable(android.graphics.drawable.Drawable)
android.support.v4.view.ViewPager: void setPageMarginDrawable(int)
android.support.v4.view.ViewPager: void setScrollingCacheEnabled(boolean)
android.support.v4.view.ViewPager$SavedState
android.support.v4.view.ViewPager$SavedState: android.os.Parcelable$Creator CREATOR
android.support.v4.widget.DrawerLayout: void setScrimColor(int)
android.support.v4.widget.DrawerLayout: void setDrawerListener(android.support.v4.widget.DrawerLayout$DrawerListener)
android.support.v4.widget.DrawerLayout: void setDrawerLockMode(int)
android.support.v4.widget.DrawerLayout$SavedState
android.support.v4.widget.DrawerLayout$SavedState: android.os.Parcelable$Creator CREATOR