proguard/mapping.txt
com.lj.jz.AddActivity -> com.lj.jz.AddActivity:
    android.widget.Spinner addAy_fkrSp -> a
    android.widget.Spinner addAy_ytSp -> b
    android.widget.Button addAy_rqBt -> c
    android.widget.Button addAy_yqrBt -> d
    android.widget.EditText addAy_bzEt -> e
    android.widget.EditText addAy_jeEt -> f
    android.widget.Button addAy_jemxBt -> g
    android.widget.Button addAy_qxBt -> h
    android.widget.Button addAy_qdBt -> i
    long num -> j
    com.lj.jz.data.ZhangDan zhangDan -> k
    java.lang.String[] fkrTexts -> l
    java.lang.String[] ytTexts -> m
    java.lang.String[] yqrTexts -> n
    android.widget.ListView jemxLv -> o
    java.util.List jemxDataList -> p
    android.widget.TextView addAy_title -> q
    android.widget.Button navAy_backBt -> r
    void onCreate(android.os.Bundle) -> onCreate
    int getPosition(java.lang.String,java.lang.String[]) -> a
    void initData() -> b
    void updateZdRT() -> c
    void registerListener() -> d
    void loadJemxData() -> a
    void access$0(com.lj.jz.AddActivity) -> a
com.lj.jz.AddActivity$1 -> com.lj.jz.a:
    com.lj.jz.AddActivity this$0 -> a
    void onItemSelected(android.widget.AdapterView,android.view.View,int,long) -> onItemSelected
    void onNothingSelected(android.widget.AdapterView) -> onNothingSelected
com.lj.jz.AddActivity$10 -> com.lj.jz.b:
    com.lj.jz.AddActivity this$0 -> a
    void onClick(android.view.View) -> onClick
com.lj.jz.AddActivity$2 -> com.lj.jz.c:
    com.lj.jz.AddActivity this$0 -> a
    void onItemSelected(android.widget.AdapterView,android.view.View,int,long) -> onItemSelected
    void onNothingSelected(android.widget.AdapterView) -> onNothingSelected
com.lj.jz.AddActivity$3 -> com.lj.jz.d:
    com.lj.jz.AddActivity this$0 -> a
    void onClick(android.view.View) -> onClick
    com.lj.jz.AddActivity access$0(com.lj.jz.AddActivity$3) -> a
com.lj.jz.AddActivity$3$1 -> com.lj.jz.e:
    com.lj.jz.AddActivity$3 this$1 -> a
    java.text.SimpleDateFormat val$sdf -> b
    void onDateSet(android.widget.DatePicker,int,int,int) -> onDateSet
com.lj.jz.AddActivity$4 -> com.lj.jz.f:
    com.lj.jz.AddActivity this$0 -> a
    void onClick(android.view.View) -> onClick
    com.lj.jz.AddActivity access$0(com.lj.jz.AddActivity$4) -> a
com.lj.jz.AddActivity$4$1 -> com.lj.jz.g:
    com.lj.jz.AddActivity$4 this$1 -> a
    boolean[] val$selected -> b
    void onClick(android.content.DialogInterface,int,boolean) -> onClick
com.lj.jz.AddActivity$4$2 -> com.lj.jz.h:
    com.lj.jz.AddActivity$4 this$1 -> a
    boolean[] val$selected -> b
    void onClick(android.content.DialogInterface,int) -> onClick
com.lj.jz.AddActivity$5 -> com.lj.jz.i:
    com.lj.jz.AddActivity this$0 -> a
    void onFocusChange(android.view.View,boolean) -> onFocusChange
com.lj.jz.AddActivity$6 -> com.lj.jz.j:
    com.lj.jz.AddActivity this$0 -> a
    void onFocusChange(android.view.View,boolean) -> onFocusChange
com.lj.jz.AddActivity$7 -> com.lj.jz.k:
    com.lj.jz.AddActivity this$0 -> a
    void onClick(android.view.View) -> onClick
    com.lj.jz.AddActivity access$0(com.lj.jz.AddActivity$7) -> a
com.lj.jz.AddActivity$7$1 -> com.lj.jz.l:
    com.lj.jz.AddActivity$7 this$1 -> a
    android.widget.EditText val$et -> b
    void onClick(android.content.DialogInterface,int) -> onClick
com.lj.jz.AddActivity$8 -> com.lj.jz.m:
    com.lj.jz.AddActivity this$0 -> a
    void onClick(android.view.View) -> onClick
com.lj.jz.AddActivity$9 -> com.lj.jz.n:
    com.lj.jz.AddActivity this$0 -> a
    void onClick(android.view.View) -> onClick
com.lj.jz.AddActivity$ItemBtOnClickListener -> com.lj.jz.o:
    int index -> a
    com.lj.jz.AddActivity this$0 -> b
    void onClick(android.view.View) -> onClick
...
android.support.v4.view.KeyEventCompat -> android.support.v4.view.f:
    android.support.v4.view.KeyEventCompat$KeyEventVersionImpl IMPL -> a
    boolean hasModifiers(android.view.KeyEvent,int) -> a
    boolean hasNoModifiers(android.view.KeyEvent) -> a
    void startTracking(android.view.KeyEvent) -> b
android.support.v4.view.KeyEventCompat$BaseKeyEventVersionImpl -> android.support.v4.view.g:
    int metaStateFilterDirectionalModifiers(int,int,int,int,int) -> a
    int normalizeMetaState(int) -> a
    boolean metaStateHasModifiers(int,int) -> a
    boolean metaStateHasNoModifiers(int) -> b
    void startTracking(android.view.KeyEvent) -> a
android.support.v4.view.KeyEventCompat$EclairKeyEventVersionImpl -> android.support.v4.view.h:
    void startTracking(android.view.KeyEvent) -> a
android.support.v4.view.KeyEventCompat$HoneycombKeyEventVersionImpl -> android.support.v4.view.i:
    int normalizeMetaState(int) -> a
    boolean metaStateHasModifiers(int,int) -> a
    boolean metaStateHasNoModifiers(int) -> b
android.support.v4.view.KeyEventCompat$KeyEventVersionImpl -> android.support.v4.view.j:
    boolean metaStateHasModifiers(int,int) -> a
    boolean metaStateHasNoModifiers(int) -> b
    void startTracking(android.view.KeyEvent) -> a
android.support.v4.view.KeyEventCompatEclair -> android.support.v4.view.k:
    void startTracking(android.view.KeyEvent) -> a
android.support.v4.view.KeyEventCompatHoneycomb -> android.support.v4.view.l:
    int normalizeMetaState(int) -> a
    boolean metaStateHasModifiers(int,int) -> a
    boolean metaStateHasNoModifiers(int) -> b
android.support.v4.view.MotionEventCompat -> android.support.v4.view.m:
    android.support.v4.view.MotionEventCompat$MotionEventVersionImpl IMPL -> a
    int getActionMasked(android.view.MotionEvent) -> a
    int getActionIndex(android.view.MotionEvent) -> b
    int findPointerIndex(android.view.MotionEvent,int) -> a
    int getPointerId(android.view.MotionEvent,int) -> b
    float getX(android.view.MotionEvent,int) -> c
    float getY(android.view.MotionEvent,int) -> d
    int getPointerCount(android.view.MotionEvent) -> c
android.support.v4.view.MotionEventCompat$BaseMotionEventVersionImpl -> android.support.v4.view.n:
    int findPointerIndex(android.view.MotionEvent,int) -> a
    int getPointerId(android.view.MotionEvent,int) -> b
    float getX(android.view.MotionEvent,int) -> c
    float getY(android.view.MotionEvent,int) -> d
    int getPointerCount(android.view.MotionEvent) -> a
android.support.v4.view.MotionEventCompat$EclairMotionEventVersionImpl -> android.support.v4.view.o:
    int findPointerIndex(android.view.MotionEvent,int) -> a
    int getPointerId(android.view.MotionEvent,int) -> b
    float getX(android.view.MotionEvent,int) -> c
    float getY(android.view.MotionEvent,int) -> d
    int getPointerCount(android.view.MotionEvent) -> a
android.support.v4.view.MotionEventCompat$MotionEventVersionImpl -> android.support.v4.view.p:
    int findPointerIndex(android.view.MotionEvent,int) -> a
    int getPointerId(android.view.MotionEvent,int) -> b
    float getX(android.view.MotionEvent,int) -> c
    float getY(android.view.MotionEvent,int) -> d
    int getPointerCount(android.view.MotionEvent) -> a
android.support.v4.view.MotionEventCompatEclair -> android.support.v4.view.q:
    int findPointerIndex(android.view.MotionEvent,int) -> a
    int getPointerId(android.view.MotionEvent,int) -> b
    float getX(android.view.MotionEvent,int) -> c
    float getY(android.view.MotionEvent,int) -> d
    int getPointerCount(android.view.MotionEvent) -> a