proguard/usage.txt
com.lj.jz.BuildConfig
com.lj.jz.MainActivity:
    static final int PAGE_MAX
com.lj.jz.R
com.lj.jz.R$attr
com.lj.jz.R$dimen
com.lj.jz.R$drawable
com.lj.jz.R$id
com.lj.jz.R$layout
com.lj.jz.R$menu
com.lj.jz.R$string
com.lj.jz.R$style
com.lj.jz.UploadActivity:
    226:234:private void writeLog(java.lang.String)
com.lj.jz.UploadActivity$tbServerRunnable
com.lj.jz.data.CanShuLbEnum
com.lj.jz.data.DatabaseHelper:
    private static final int VERSION
    31:32:public DatabaseHelper(android.content.Context,java.lang.String)
com.lj.jz.data.SystemParamDao:
    17:19:public java.util.List findAll()
    32:34:public java.util.List findAllByName(java.lang.String)
    38:43:public com.lj.jz.data.SystemParam findByNum(long)
    72:76:public boolean delete(long)
com.lj.jz.data.SystemParamNames
com.lj.jz.data.ZhangDanDao:
    32:32:public int findAllBySzbzAndStatus(java.util.List,java.lang.String,int)
    45:50:public com.lj.jz.data.ZhangDan findByNumAndStatus(long,int)
    111:115:public int updateNoCheck(com.lj.jz.data.ZhangDan)
com.lj.jz.filewr.FileReadWrite:
    34:34:public java.lang.String getSDCardRoot()
    54:62:private java.io.File createFile(java.lang.String,java.lang.String)
    70:118:public int writeFile(java.io.InputStream,java.lang.String,java.lang.String)
    126:138:public java.io.InputStream getFileInputStream(java.lang.String,java.lang.String)
    146:193:public int writeFile(java.lang.String,java.lang.String,java.lang.String)
    201:231:public java.util.ArrayList getStringArrayFromFile(java.lang.String,java.lang.String)
    239:273:public boolean stringIsInFile(java.lang.String,java.lang.String,java.lang.String)
    281:304:public android.graphics.Bitmap getImg(java.lang.String)
    312:364:public int writeFile(java.io.InputStream,java.lang.String,java.lang.String,android.app.ProgressDialog)
com.lj.jz.internet.SocketHelper:
    public static final java.lang.String ZD_COUNT
    public static final java.lang.String ZD_MX
    public static final java.lang.String END
    public static final java.lang.String CS_COUNT
    public static final java.lang.String CS_MX
    27:30:public SocketHelper(java.lang.String)
    31:34:public SocketHelper(int)
...
android.support.v4.util.TimeUtils
android.support.v4.view.AccessibilityDelegateCompat
android.support.v4.view.AccessibilityDelegateCompat$AccessibilityDelegateIcsImpl
android.support.v4.view.AccessibilityDelegateCompat$AccessibilityDelegateIcsImpl$1
android.support.v4.view.AccessibilityDelegateCompat$AccessibilityDelegateImpl
android.support.v4.view.AccessibilityDelegateCompat$AccessibilityDelegateJellyBeanImpl
android.support.v4.view.AccessibilityDelegateCompat$AccessibilityDelegateJellyBeanImpl$1
android.support.v4.view.AccessibilityDelegateCompat$AccessibilityDelegateStubImpl
android.support.v4.view.AccessibilityDelegateCompatIcs
android.support.v4.view.AccessibilityDelegateCompatIcs$1
android.support.v4.view.AccessibilityDelegateCompatIcs$AccessibilityDelegateBridge
android.support.v4.view.AccessibilityDelegateCompatJellyBean
android.support.v4.view.AccessibilityDelegateCompatJellyBean$1
android.support.v4.view.AccessibilityDelegateCompatJellyBean$AccessibilityDelegateBridgeJellyBean
android.support.v4.view.ActionProvider
android.support.v4.view.ActionProvider$SubUiVisibilityListener
android.support.v4.view.ActionProvider$VisibilityListener
android.support.v4.view.GestureDetectorCompat
android.support.v4.view.GestureDetectorCompat$GestureDetectorCompatImpl
android.support.v4.view.GestureDetectorCompat$GestureDetectorCompatImplBase
android.support.v4.view.GestureDetectorCompat$GestureDetectorCompatImplBase$GestureHandler
android.support.v4.view.GestureDetectorCompat$GestureDetectorCompatImplJellybeanMr2
android.support.v4.view.GravityCompat:
    public static final int RELATIVE_LAYOUT_DIRECTION
    public static final int START
    public static final int END
    public static final int RELATIVE_HORIZONTAL_GRAVITY_MASK
    27:62:public GravityCompat()
    132:133:public static void apply(int,int,int,android.graphics.Rect,android.graphics.Rect,int)
    162:163:public static void apply(int,int,int,android.graphics.Rect,int,int,android.graphics.Rect,int)
    186:187:public static void applyDisplay(int,android.graphics.Rect,android.graphics.Rect,int)
android.support.v4.view.GravityCompat$GravityCompatImpl:
    public abstract void apply(int,int,int,android.graphics.Rect,android.graphics.Rect,int)
    public abstract void apply(int,int,int,android.graphics.Rect,int,int,android.graphics.Rect,int)
    public abstract void applyDisplay(int,android.graphics.Rect,android.graphics.Rect,int)
android.support.v4.view.GravityCompat$GravityCompatImplBase:
    46:47:public void apply(int,int,int,android.graphics.Rect,android.graphics.Rect,int)
    52:53:public void apply(int,int,int,android.graphics.Rect,int,int,android.graphics.Rect,int)
    58:59:public void applyDisplay(int,android.graphics.Rect,android.graphics.Rect,int)
android.support.v4.view.GravityCompat$GravityCompatImplJellybeanMr1:
    71:72:public void apply(int,int,int,android.graphics.Rect,android.graphics.Rect,int)
    77:79:public void apply(int,int,int,android.graphics.Rect,int,int,android.graphics.Rect,int)
    83:84:public void applyDisplay(int,android.graphics.Rect,android.graphics.Rect,int)
android.support.v4.view.GravityCompatJellybeanMr1:
    23:23:GravityCompatJellybeanMr1()
    31:32:public static void apply(int,int,int,android.graphics.Rect,android.graphics.Rect,int)
    36:37:public static void apply(int,int,int,android.graphics.Rect,int,int,android.graphics.Rect,int)
    40:41:public static void applyDisplay(int,android.graphics.Rect,android.graphics.Rect,int)